<?xml version="1.0" encoding="UTF-8"?>
<!-- Generated by org.testng.reporters.JUnitXMLReporter -->
<testsuite hostname="DHJP-20150319HJ" ignored="0" name="127.0.0.1:52001" tests="8" failures="2" timestamp="03 六月 2017 15:04:54 GMT" time="36.374" errors="0">
  <testcase name="testAqi" time="0.0" classname="com.moji.appium.testcases.testmoji"/>
  <testcase name="testLivePhoto" time="0.0" classname="com.moji.appium.testcases.testmoji"/>
  <testcase name="testLogin" time="1.044" classname="com.moji.appium.testcases.testmoji">
    <failure type="org.openqa.selenium.NoSuchElementException" message="An element could not be located on the page using the given search parameters. (WARNING: The server did not provide any stacktrace information)
Command duration or timeout: 845 milliseconds
For documentation on this error, please visit: http://seleniumhq.org/exceptions/no_such_element.html
Build info: version: &amp;apos;2.53.0&amp;apos;, revision: &amp;apos;35ae25b1534ae328c771e0856c93e187490ca824&amp;apos;, time: &amp;apos;2016-03-15 10:43:46&amp;apos;
System info: host: &amp;apos;DHJP-20150319HJ&amp;apos;, ip: &amp;apos;192.168.1.100&amp;apos;, os.name: &amp;apos;Windows 7&amp;apos;, os.arch: &amp;apos;amd64&amp;apos;, os.version: &amp;apos;6.1&amp;apos;, java.version: &amp;apos;1.8.0_131&amp;apos;
Driver info: com.moji.appium.base.AndroidDriverBase
Capabilities [{appPackage=com.moji.mjweather, deviceScreenSize=720x1280, networkConnectionEnabled=true, noReset=true, noSign=true, warnings={}, databaseEnabled=false, deviceName=127.0.0.1:52001, platform=LINUX, deviceUDID=127.0.0.1:52001, appActivity=LauncherActivity, desired={appPackage=com.moji.mjweather, appActivity=LauncherActivity, noReset=true, noSign=true, newCommandTimeout=600, unicodeKeyboard=true, udid=127.0.0.1:52001, platformName=Android, deviceName=MSM8926, resetKeyboard=true}, newCommandTimeout=600, platformVersion=4.4.2, webStorageEnabled=false, locationContextEnabled=false, takesScreenshot=true, javascriptEnabled=true, deviceModel=MI 4LTE, unicodeKeyboard=true, udid=127.0.0.1:52001, platformName=Android, deviceManufacturer=Xiaomi, resetKeyboard=true}]
Session ID: dae3f0d1-df12-4959-8c6a-f445b9d50cb4
*** Element info: {Using=id, value=test}">
      <![CDATA[org.openqa.selenium.NoSuchElementException: An element could not be located on the page using the given search parameters. (WARNING: The server did not provide any stacktrace information)
Command duration or timeout: 845 milliseconds
For documentation on this error, please visit: http://seleniumhq.org/exceptions/no_such_element.html
Build info: version: '2.53.0', revision: '35ae25b1534ae328c771e0856c93e187490ca824', time: '2016-03-15 10:43:46'
System info: host: 'DHJP-20150319HJ', ip: '192.168.1.100', os.name: 'Windows 7', os.arch: 'amd64', os.version: '6.1', java.version: '1.8.0_131'
Driver info: com.moji.appium.base.AndroidDriverBase
Capabilities [{appPackage=com.moji.mjweather, deviceScreenSize=720x1280, networkConnectionEnabled=true, noReset=true, noSign=true, warnings={}, databaseEnabled=false, deviceName=127.0.0.1:52001, platform=LINUX, deviceUDID=127.0.0.1:52001, appActivity=LauncherActivity, desired={appPackage=com.moji.mjweather, appActivity=LauncherActivity, noReset=true, noSign=true, newCommandTimeout=600, unicodeKeyboard=true, udid=127.0.0.1:52001, platformName=Android, deviceName=MSM8926, resetKeyboard=true}, newCommandTimeout=600, platformVersion=4.4.2, webStorageEnabled=false, locationContextEnabled=false, takesScreenshot=true, javascriptEnabled=true, deviceModel=MI 4LTE, unicodeKeyboard=true, udid=127.0.0.1:52001, platformName=Android, deviceManufacturer=Xiaomi, resetKeyboard=true}]
Session ID: dae3f0d1-df12-4959-8c6a-f445b9d50cb4
*** Element info: {Using=id, value=test}
	at org.openqa.selenium.remote.ErrorHandler.createThrowable(ErrorHandler.java:206)
	at org.openqa.selenium.remote.ErrorHandler.throwIfResponseFailed(ErrorHandler.java:158)
	at org.openqa.selenium.remote.RemoteWebDriver.execute(RemoteWebDriver.java:678)
	at io.appium.java_client.DefaultGenericMobileDriver.execute(DefaultGenericMobileDriver.java:43)
	at io.appium.java_client.AppiumDriver.execute(AppiumDriver.java:1)
	at io.appium.java_client.android.AndroidDriver.execute(AndroidDriver.java:1)
	at com.moji.appium.base.AndroidDriverBase.execute(AndroidDriverBase.java:1)
	at org.openqa.selenium.remote.RemoteWebDriver.findElement(RemoteWebDriver.java:363)
	at org.openqa.selenium.remote.RemoteWebDriver.findElementById(RemoteWebDriver.java:413)
	at io.appium.java_client.DefaultGenericMobileDriver.findElementById(DefaultGenericMobileDriver.java:59)
	at io.appium.java_client.AppiumDriver.findElementById(AppiumDriver.java:1)
	at io.appium.java_client.android.AndroidDriver.findElementById(AndroidDriver.java:1)
	at com.moji.appium.base.AndroidDriverBase.findElementById(AndroidDriverBase.java:1)
	at com.moji.appium.testcases.testmoji.testLogin(testmoji.java:34)
	at java.util.concurrent.FutureTask.run(FutureTask.java:266)
	at java.util.concurrent.ThreadPoolExecutor.runWorker(ThreadPoolExecutor.java:1142)
	at java.util.concurrent.ThreadPoolExecutor$Worker.run(ThreadPoolExecutor.java:617)
	at java.lang.Thread.run(Thread.java:748)
... Removed 20 stack frames]]>
    </failure>
  </testcase> <!-- testLogin -->
  <testcase name="testLogout" time="0.0" classname="com.moji.appium.testcases.testmoji"/>
  <testcase name="testNews" time="0.0" classname="com.moji.appium.testcases.testmoji"/>
  <testcase name="testSearch" time="0.001" classname="com.moji.appium.testcases.testmoji"/>
  <testcase name="testSettings" time="0.076" classname="com.moji.appium.testcases.testmoji">
    <failure type="org.openqa.selenium.NoSuchElementException" message="An element could not be located on the page using the given search parameters. (WARNING: The server did not provide any stacktrace information)
Command duration or timeout: 75 milliseconds
For documentation on this error, please visit: http://seleniumhq.org/exceptions/no_such_element.html
Build info: version: &amp;apos;2.53.0&amp;apos;, revision: &amp;apos;35ae25b1534ae328c771e0856c93e187490ca824&amp;apos;, time: &amp;apos;2016-03-15 10:43:46&amp;apos;
System info: host: &amp;apos;DHJP-20150319HJ&amp;apos;, ip: &amp;apos;192.168.1.100&amp;apos;, os.name: &amp;apos;Windows 7&amp;apos;, os.arch: &amp;apos;amd64&amp;apos;, os.version: &amp;apos;6.1&amp;apos;, java.version: &amp;apos;1.8.0_131&amp;apos;
Driver info: com.moji.appium.base.AndroidDriverBase
Capabilities [{appPackage=com.moji.mjweather, deviceScreenSize=720x1280, networkConnectionEnabled=true, noReset=true, noSign=true, warnings={}, databaseEnabled=false, deviceName=127.0.0.1:52001, platform=LINUX, deviceUDID=127.0.0.1:52001, appActivity=LauncherActivity, desired={appPackage=com.moji.mjweather, appActivity=LauncherActivity, noReset=true, noSign=true, newCommandTimeout=600, unicodeKeyboard=true, udid=127.0.0.1:52001, platformName=Android, deviceName=MSM8926, resetKeyboard=true}, newCommandTimeout=600, platformVersion=4.4.2, webStorageEnabled=false, locationContextEnabled=false, takesScreenshot=true, javascriptEnabled=true, deviceModel=MI 4LTE, unicodeKeyboard=true, udid=127.0.0.1:52001, platformName=Android, deviceManufacturer=Xiaomi, resetKeyboard=true}]
Session ID: dae3f0d1-df12-4959-8c6a-f445b9d50cb4
*** Element info: {Using=id, value=Settings}">
      <![CDATA[org.openqa.selenium.NoSuchElementException: An element could not be located on the page using the given search parameters. (WARNING: The server did not provide any stacktrace information)
Command duration or timeout: 75 milliseconds
For documentation on this error, please visit: http://seleniumhq.org/exceptions/no_such_element.html
Build info: version: '2.53.0', revision: '35ae25b1534ae328c771e0856c93e187490ca824', time: '2016-03-15 10:43:46'
System info: host: 'DHJP-20150319HJ', ip: '192.168.1.100', os.name: 'Windows 7', os.arch: 'amd64', os.version: '6.1', java.version: '1.8.0_131'
Driver info: com.moji.appium.base.AndroidDriverBase
Capabilities [{appPackage=com.moji.mjweather, deviceScreenSize=720x1280, networkConnectionEnabled=true, noReset=true, noSign=true, warnings={}, databaseEnabled=false, deviceName=127.0.0.1:52001, platform=LINUX, deviceUDID=127.0.0.1:52001, appActivity=LauncherActivity, desired={appPackage=com.moji.mjweather, appActivity=LauncherActivity, noReset=true, noSign=true, newCommandTimeout=600, unicodeKeyboard=true, udid=127.0.0.1:52001, platformName=Android, deviceName=MSM8926, resetKeyboard=true}, newCommandTimeout=600, platformVersion=4.4.2, webStorageEnabled=false, locationContextEnabled=false, takesScreenshot=true, javascriptEnabled=true, deviceModel=MI 4LTE, unicodeKeyboard=true, udid=127.0.0.1:52001, platformName=Android, deviceManufacturer=Xiaomi, resetKeyboard=true}]
Session ID: dae3f0d1-df12-4959-8c6a-f445b9d50cb4
*** Element info: {Using=id, value=Settings}
	at org.openqa.selenium.remote.ErrorHandler.createThrowable(ErrorHandler.java:206)
	at org.openqa.selenium.remote.ErrorHandler.throwIfResponseFailed(ErrorHandler.java:158)
	at org.openqa.selenium.remote.RemoteWebDriver.execute(RemoteWebDriver.java:678)
	at io.appium.java_client.DefaultGenericMobileDriver.execute(DefaultGenericMobileDriver.java:43)
	at io.appium.java_client.AppiumDriver.execute(AppiumDriver.java:1)
	at io.appium.java_client.android.AndroidDriver.execute(AndroidDriver.java:1)
	at com.moji.appium.base.AndroidDriverBase.execute(AndroidDriverBase.java:1)
	at org.openqa.selenium.remote.RemoteWebDriver.findElement(RemoteWebDriver.java:363)
	at org.openqa.selenium.remote.RemoteWebDriver.findElementById(RemoteWebDriver.java:413)
	at io.appium.java_client.DefaultGenericMobileDriver.findElementById(DefaultGenericMobileDriver.java:59)
	at io.appium.java_client.AppiumDriver.findElementById(AppiumDriver.java:1)
	at io.appium.java_client.android.AndroidDriver.findElementById(AndroidDriver.java:1)
	at com.moji.appium.base.AndroidDriverBase.findElementById(AndroidDriverBase.java:1)
	at com.moji.appium.testcases.testmoji.testSettings(testmoji.java:44)
	at java.util.concurrent.FutureTask.run(FutureTask.java:266)
	at java.util.concurrent.ThreadPoolExecutor.runWorker(ThreadPoolExecutor.java:1142)
	at java.util.concurrent.ThreadPoolExecutor$Worker.run(ThreadPoolExecutor.java:617)
	at java.lang.Thread.run(Thread.java:748)
... Removed 20 stack frames]]>
    </failure>
  </testcase> <!-- testSettings -->
  <testcase name="testSplash" time="0.001" classname="com.moji.appium.testcases.testmoji"/>
</testsuite> <!-- 127.0.0.1:52001 -->
