<?xml version="1.0" encoding="UTF-8"?>
<!-- Generated by org.testng.reporters.JUnitXMLReporter -->
<testsuite hostname="px-PC" name="MSM8926" tests="6" failures="2" timestamp="7 Jun 2017 04:17:39 GMT" time="60.045" errors="0">
  <testcase name="testLogin" time="0.191" classname="com.moji.appium.testcases.testmoji"/>
  <testcase name="testLogout" time="0.0" classname="com.moji.appium.testcases.testmoji"/>
  <testcase name="testSettings" time="4.108" classname="com.moji.appium.testcases.testmoji">
    <failure type="org.openqa.selenium.NoSuchElementException" message="An element could not be located on the page using the given search parameters. (WARNING: The server did not provide any stacktrace information)
Command duration or timeout: 4.11 seconds
For documentation on this error, please visit: http://seleniumhq.org/exceptions/no_such_element.html
Build info: version: &amp;apos;2.53.0&amp;apos;, revision: &amp;apos;35ae25b1534ae328c771e0856c93e187490ca824&amp;apos;, time: &amp;apos;2016-03-15 10:43:46&amp;apos;
System info: host: &amp;apos;px-PC&amp;apos;, ip: &amp;apos;192.168.42.84&amp;apos;, os.name: &amp;apos;Windows 7&amp;apos;, os.arch: &amp;apos;amd64&amp;apos;, os.version: &amp;apos;6.1&amp;apos;, java.version: &amp;apos;1.8.0_131&amp;apos;
Driver info: com.moji.appium.base.AndroidDriverBase
Capabilities [{appPackage=com.moji.mjweather, noReset=true, deviceName=MSM8926, platform=LINUX, deviceUDID=MSM8926, desired={appPackage=com.moji.mjweather, appActivity=LauncherActivity, app=g:\apps\moji.apk, noReset=true, noSign=true, newCommandTimeout=600, unicodeKeyboard=true, udid=MSM8926, platformName=Android, deviceName=MSM8926, resetKeyboard=true}, newCommandTimeout=600, platformVersion=4.3, webStorageEnabled=false, takesScreenshot=true, javascriptEnabled=true, unicodeKeyboard=true, udid=MSM8926, platformName=Android, deviceManufacturer=ZTE, resetKeyboard=true, app=g:\apps\moji.apk, deviceScreenSize=720x1280, networkConnectionEnabled=true, noSign=true, warnings={}, databaseEnabled=false, appActivity=LauncherActivity, locationContextEnabled=false, deviceModel=N9180}]
Session ID: 5634fd3b-2bf0-42b0-b26d-9d480fc5be52
*** Element info: {Using=id, value=Settings}">
      <![CDATA[org.openqa.selenium.NoSuchElementException: An element could not be located on the page using the given search parameters. (WARNING: The server did not provide any stacktrace information)
Command duration or timeout: 4.11 seconds
For documentation on this error, please visit: http://seleniumhq.org/exceptions/no_such_element.html
Build info: version: '2.53.0', revision: '35ae25b1534ae328c771e0856c93e187490ca824', time: '2016-03-15 10:43:46'
System info: host: 'px-PC', ip: '192.168.42.84', os.name: 'Windows 7', os.arch: 'amd64', os.version: '6.1', java.version: '1.8.0_131'
Driver info: com.moji.appium.base.AndroidDriverBase
Capabilities [{appPackage=com.moji.mjweather, noReset=true, deviceName=MSM8926, platform=LINUX, deviceUDID=MSM8926, desired={appPackage=com.moji.mjweather, appActivity=LauncherActivity, app=g:\apps\moji.apk, noReset=true, noSign=true, newCommandTimeout=600, unicodeKeyboard=true, udid=MSM8926, platformName=Android, deviceName=MSM8926, resetKeyboard=true}, newCommandTimeout=600, platformVersion=4.3, webStorageEnabled=false, takesScreenshot=true, javascriptEnabled=true, unicodeKeyboard=true, udid=MSM8926, platformName=Android, deviceManufacturer=ZTE, resetKeyboard=true, app=g:\apps\moji.apk, deviceScreenSize=720x1280, networkConnectionEnabled=true, noSign=true, warnings={}, databaseEnabled=false, appActivity=LauncherActivity, locationContextEnabled=false, deviceModel=N9180}]
Session ID: 5634fd3b-2bf0-42b0-b26d-9d480fc5be52
*** Element info: {Using=id, value=Settings}
	at org.openqa.selenium.remote.ErrorHandler.createThrowable(ErrorHandler.java:206)
	at org.openqa.selenium.remote.ErrorHandler.throwIfResponseFailed(ErrorHandler.java:158)
	at org.openqa.selenium.remote.RemoteWebDriver.execute(RemoteWebDriver.java:678)
	at io.appium.java_client.DefaultGenericMobileDriver.execute(DefaultGenericMobileDriver.java:43)
	at io.appium.java_client.AppiumDriver.execute(AppiumDriver.java:1)
	at io.appium.java_client.android.AndroidDriver.execute(AndroidDriver.java:1)
	at com.moji.appium.base.AndroidDriverBase.execute(AndroidDriverBase.java:1)
	at org.openqa.selenium.remote.RemoteWebDriver.findElement(RemoteWebDriver.java:363)
	at org.openqa.selenium.remote.RemoteWebDriver.findElementById(RemoteWebDriver.java:413)
	at io.appium.java_client.DefaultGenericMobileDriver.findElementById(DefaultGenericMobileDriver.java:59)
	at io.appium.java_client.AppiumDriver.findElementById(AppiumDriver.java:1)
	at io.appium.java_client.android.AndroidDriver.findElementById(AndroidDriver.java:1)
	at com.moji.appium.base.AndroidDriverBase.findElementById(AndroidDriverBase.java:1)
	at com.moji.appium.testcases.testmoji.testSettings(testmoji.java:40)
	at java.util.concurrent.FutureTask.run(Unknown Source)
	at java.util.concurrent.ThreadPoolExecutor.runWorker(Unknown Source)
	at java.util.concurrent.ThreadPoolExecutor$Worker.run(Unknown Source)
	at java.lang.Thread.run(Unknown Source)
... Removed 20 stack frames]]>
    </failure>
  </testcase> <!-- testSettings -->
  <testcase name="testLogin" time="0.196" classname="com.moji.appium.testcases.testmoji2"/>
  <testcase name="testLogout" time="0.0" classname="com.moji.appium.testcases.testmoji2"/>
  <testcase name="testSettings" time="4.035" classname="com.moji.appium.testcases.testmoji2">
    <failure type="org.openqa.selenium.NoSuchElementException" message="An element could not be located on the page using the given search parameters. (WARNING: The server did not provide any stacktrace information)
Command duration or timeout: 4.03 seconds
For documentation on this error, please visit: http://seleniumhq.org/exceptions/no_such_element.html
Build info: version: &amp;apos;2.53.0&amp;apos;, revision: &amp;apos;35ae25b1534ae328c771e0856c93e187490ca824&amp;apos;, time: &amp;apos;2016-03-15 10:43:46&amp;apos;
System info: host: &amp;apos;px-PC&amp;apos;, ip: &amp;apos;192.168.42.84&amp;apos;, os.name: &amp;apos;Windows 7&amp;apos;, os.arch: &amp;apos;amd64&amp;apos;, os.version: &amp;apos;6.1&amp;apos;, java.version: &amp;apos;1.8.0_131&amp;apos;
Driver info: com.moji.appium.base.AndroidDriverBase
Capabilities [{appPackage=com.moji.mjweather, noReset=true, deviceName=MSM8926, platform=LINUX, deviceUDID=MSM8926, desired={appPackage=com.moji.mjweather, appActivity=LauncherActivity, app=g:\apps\moji.apk, noReset=true, noSign=true, newCommandTimeout=600, unicodeKeyboard=true, udid=MSM8926, platformName=Android, deviceName=MSM8926, resetKeyboard=true}, newCommandTimeout=600, platformVersion=4.3, webStorageEnabled=false, takesScreenshot=true, javascriptEnabled=true, unicodeKeyboard=true, udid=MSM8926, platformName=Android, deviceManufacturer=ZTE, resetKeyboard=true, app=g:\apps\moji.apk, deviceScreenSize=720x1280, networkConnectionEnabled=true, noSign=true, warnings={}, databaseEnabled=false, appActivity=LauncherActivity, locationContextEnabled=false, deviceModel=N9180}]
Session ID: b092bfe4-f6d2-41cd-acdb-78afcd4bf985
*** Element info: {Using=id, value=Settings}">
      <![CDATA[org.openqa.selenium.NoSuchElementException: An element could not be located on the page using the given search parameters. (WARNING: The server did not provide any stacktrace information)
Command duration or timeout: 4.03 seconds
For documentation on this error, please visit: http://seleniumhq.org/exceptions/no_such_element.html
Build info: version: '2.53.0', revision: '35ae25b1534ae328c771e0856c93e187490ca824', time: '2016-03-15 10:43:46'
System info: host: 'px-PC', ip: '192.168.42.84', os.name: 'Windows 7', os.arch: 'amd64', os.version: '6.1', java.version: '1.8.0_131'
Driver info: com.moji.appium.base.AndroidDriverBase
Capabilities [{appPackage=com.moji.mjweather, noReset=true, deviceName=MSM8926, platform=LINUX, deviceUDID=MSM8926, desired={appPackage=com.moji.mjweather, appActivity=LauncherActivity, app=g:\apps\moji.apk, noReset=true, noSign=true, newCommandTimeout=600, unicodeKeyboard=true, udid=MSM8926, platformName=Android, deviceName=MSM8926, resetKeyboard=true}, newCommandTimeout=600, platformVersion=4.3, webStorageEnabled=false, takesScreenshot=true, javascriptEnabled=true, unicodeKeyboard=true, udid=MSM8926, platformName=Android, deviceManufacturer=ZTE, resetKeyboard=true, app=g:\apps\moji.apk, deviceScreenSize=720x1280, networkConnectionEnabled=true, noSign=true, warnings={}, databaseEnabled=false, appActivity=LauncherActivity, locationContextEnabled=false, deviceModel=N9180}]
Session ID: b092bfe4-f6d2-41cd-acdb-78afcd4bf985
*** Element info: {Using=id, value=Settings}
	at org.openqa.selenium.remote.ErrorHandler.createThrowable(ErrorHandler.java:206)
	at org.openqa.selenium.remote.ErrorHandler.throwIfResponseFailed(ErrorHandler.java:158)
	at org.openqa.selenium.remote.RemoteWebDriver.execute(RemoteWebDriver.java:678)
	at io.appium.java_client.DefaultGenericMobileDriver.execute(DefaultGenericMobileDriver.java:43)
	at io.appium.java_client.AppiumDriver.execute(AppiumDriver.java:1)
	at io.appium.java_client.android.AndroidDriver.execute(AndroidDriver.java:1)
	at com.moji.appium.base.AndroidDriverBase.execute(AndroidDriverBase.java:1)
	at org.openqa.selenium.remote.RemoteWebDriver.findElement(RemoteWebDriver.java:363)
	at org.openqa.selenium.remote.RemoteWebDriver.findElementById(RemoteWebDriver.java:413)
	at io.appium.java_client.DefaultGenericMobileDriver.findElementById(DefaultGenericMobileDriver.java:59)
	at io.appium.java_client.AppiumDriver.findElementById(AppiumDriver.java:1)
	at io.appium.java_client.android.AndroidDriver.findElementById(AndroidDriver.java:1)
	at com.moji.appium.base.AndroidDriverBase.findElementById(AndroidDriverBase.java:1)
	at com.moji.appium.testcases.testmoji2.testSettings(testmoji2.java:34)
	at java.util.concurrent.FutureTask.run(Unknown Source)
	at java.util.concurrent.ThreadPoolExecutor.runWorker(Unknown Source)
	at java.util.concurrent.ThreadPoolExecutor$Worker.run(Unknown Source)
	at java.lang.Thread.run(Unknown Source)
... Removed 20 stack frames]]>
    </failure>
  </testcase> <!-- testSettings -->
</testsuite> <!-- MSM8926 -->
