<?xml version="1.0" encoding="UTF-8"?>
<!-- Generated by org.testng.reporters.JUnitXMLReporter -->
<testsuite hostname="mleizhang-PC" name="MSM8926" tests="6" failures="2" timestamp="8 Jun 2017 04:29:43 GMT" time="51.497" errors="0">
  <testcase name="testLogin" time="0.205" classname="com.moji.appium.testcases.testmoji"/>
  <testcase name="testLogout" time="0.0" classname="com.moji.appium.testcases.testmoji"/>
  <testcase name="testSettings" time="3.986" classname="com.moji.appium.testcases.testmoji">
    <failure type="org.openqa.selenium.NoSuchElementException" message="An element could not be located on the page using the given search parameters. (WARNING: The server did not provide any stacktrace information)
Command duration or timeout: 3.98 seconds
For documentation on this error, please visit: http://seleniumhq.org/exceptions/no_such_element.html
Build info: version: &amp;apos;2.53.0&amp;apos;, revision: &amp;apos;35ae25b1534ae328c771e0856c93e187490ca824&amp;apos;, time: &amp;apos;2016-03-15 10:43:46&amp;apos;
System info: host: &amp;apos;mleizhang-PC&amp;apos;, ip: &amp;apos;192.168.15.246&amp;apos;, os.name: &amp;apos;Windows 7&amp;apos;, os.arch: &amp;apos;amd64&amp;apos;, os.version: &amp;apos;6.1&amp;apos;, java.version: &amp;apos;1.8.0_131&amp;apos;
Driver info: com.moji.appium.base.AndroidDriverBase
Capabilities [{appPackage=com.moji.mjweather, noReset=true, deviceName=MSM8926, platform=LINUX, deviceUDID=MSM8926, desired={appPackage=com.moji.mjweather, appActivity=LauncherActivity, app=e:\apps\moji.apk, noReset=true, noSign=true, newCommandTimeout=600, unicodeKeyboard=true, udid=MSM8926, platformName=Android, deviceName=MSM8926, resetKeyboard=true}, newCommandTimeout=600, platformVersion=4.3, webStorageEnabled=false, takesScreenshot=true, javascriptEnabled=true, unicodeKeyboard=true, udid=MSM8926, platformName=Android, deviceManufacturer=ZTE, resetKeyboard=true, app=e:\apps\moji.apk, deviceScreenSize=720x1280, networkConnectionEnabled=true, noSign=true, warnings={}, databaseEnabled=false, appActivity=LauncherActivity, locationContextEnabled=false, deviceModel=N9180}]
Session ID: d86c4a55-4adf-40bf-a7e9-b01a3add09c2
*** Element info: {Using=id, value=Settings}">
      <![CDATA[org.openqa.selenium.NoSuchElementException: An element could not be located on the page using the given search parameters. (WARNING: The server did not provide any stacktrace information)
Command duration or timeout: 3.98 seconds
For documentation on this error, please visit: http://seleniumhq.org/exceptions/no_such_element.html
Build info: version: '2.53.0', revision: '35ae25b1534ae328c771e0856c93e187490ca824', time: '2016-03-15 10:43:46'
System info: host: 'mleizhang-PC', ip: '192.168.15.246', os.name: 'Windows 7', os.arch: 'amd64', os.version: '6.1', java.version: '1.8.0_131'
Driver info: com.moji.appium.base.AndroidDriverBase
Capabilities [{appPackage=com.moji.mjweather, noReset=true, deviceName=MSM8926, platform=LINUX, deviceUDID=MSM8926, desired={appPackage=com.moji.mjweather, appActivity=LauncherActivity, app=e:\apps\moji.apk, noReset=true, noSign=true, newCommandTimeout=600, unicodeKeyboard=true, udid=MSM8926, platformName=Android, deviceName=MSM8926, resetKeyboard=true}, newCommandTimeout=600, platformVersion=4.3, webStorageEnabled=false, takesScreenshot=true, javascriptEnabled=true, unicodeKeyboard=true, udid=MSM8926, platformName=Android, deviceManufacturer=ZTE, resetKeyboard=true, app=e:\apps\moji.apk, deviceScreenSize=720x1280, networkConnectionEnabled=true, noSign=true, warnings={}, databaseEnabled=false, appActivity=LauncherActivity, locationContextEnabled=false, deviceModel=N9180}]
Session ID: d86c4a55-4adf-40bf-a7e9-b01a3add09c2
*** Element info: {Using=id, value=Settings}
	at org.openqa.selenium.remote.ErrorHandler.createThrowable(ErrorHandler.java:206)
	at org.openqa.selenium.remote.ErrorHandler.throwIfResponseFailed(ErrorHandler.java:158)
	at org.openqa.selenium.remote.RemoteWebDriver.execute(RemoteWebDriver.java:678)
	at io.appium.java_client.DefaultGenericMobileDriver.execute(DefaultGenericMobileDriver.java:43)
	at io.appium.java_client.AppiumDriver.execute(AppiumDriver.java:1)
	at io.appium.java_client.android.AndroidDriver.execute(AndroidDriver.java:1)
	at org.openqa.selenium.remote.RemoteWebDriver.findElement(RemoteWebDriver.java:363)
	at org.openqa.selenium.remote.RemoteWebDriver.findElementById(RemoteWebDriver.java:413)
	at io.appium.java_client.DefaultGenericMobileDriver.findElementById(DefaultGenericMobileDriver.java:59)
	at io.appium.java_client.AppiumDriver.findElementById(AppiumDriver.java:1)
	at io.appium.java_client.android.AndroidDriver.findElementById(AndroidDriver.java:1)
	at com.moji.appium.testcases.testmoji.testSettings(testmoji.java:40)
	at java.util.concurrent.FutureTask.run(FutureTask.java:266)
	at java.util.concurrent.ThreadPoolExecutor.runWorker(ThreadPoolExecutor.java:1142)
	at java.util.concurrent.ThreadPoolExecutor$Worker.run(ThreadPoolExecutor.java:617)
	at java.lang.Thread.run(Thread.java:748)
... Removed 20 stack frames]]>
    </failure>
  </testcase> <!-- testSettings -->
  <testcase name="testLogin" time="0.179" classname="com.moji.appium.testcases.testmoji2"/>
  <testcase name="testLogout" time="0.0" classname="com.moji.appium.testcases.testmoji2"/>
  <testcase name="testSettings" time="3.021" classname="com.moji.appium.testcases.testmoji2">
    <failure type="org.openqa.selenium.NoSuchElementException" message="An element could not be located on the page using the given search parameters. (WARNING: The server did not provide any stacktrace information)
Command duration or timeout: 3.02 seconds
For documentation on this error, please visit: http://seleniumhq.org/exceptions/no_such_element.html
Build info: version: &amp;apos;2.53.0&amp;apos;, revision: &amp;apos;35ae25b1534ae328c771e0856c93e187490ca824&amp;apos;, time: &amp;apos;2016-03-15 10:43:46&amp;apos;
System info: host: &amp;apos;mleizhang-PC&amp;apos;, ip: &amp;apos;192.168.15.246&amp;apos;, os.name: &amp;apos;Windows 7&amp;apos;, os.arch: &amp;apos;amd64&amp;apos;, os.version: &amp;apos;6.1&amp;apos;, java.version: &amp;apos;1.8.0_131&amp;apos;
Driver info: com.moji.appium.base.AndroidDriverBase
Capabilities [{appPackage=com.moji.mjweather, noReset=true, deviceName=MSM8926, platform=LINUX, deviceUDID=MSM8926, desired={appPackage=com.moji.mjweather, appActivity=LauncherActivity, app=e:\apps\moji.apk, noReset=true, noSign=true, newCommandTimeout=600, unicodeKeyboard=true, udid=MSM8926, platformName=Android, deviceName=MSM8926, resetKeyboard=true}, newCommandTimeout=600, platformVersion=4.3, webStorageEnabled=false, takesScreenshot=true, javascriptEnabled=true, unicodeKeyboard=true, udid=MSM8926, platformName=Android, deviceManufacturer=ZTE, resetKeyboard=true, app=e:\apps\moji.apk, deviceScreenSize=720x1280, networkConnectionEnabled=true, noSign=true, warnings={}, databaseEnabled=false, appActivity=LauncherActivity, locationContextEnabled=false, deviceModel=N9180}]
Session ID: 88ef9208-6c6a-427c-b44a-c9ceb03df9d3
*** Element info: {Using=id, value=Settings}">
      <![CDATA[org.openqa.selenium.NoSuchElementException: An element could not be located on the page using the given search parameters. (WARNING: The server did not provide any stacktrace information)
Command duration or timeout: 3.02 seconds
For documentation on this error, please visit: http://seleniumhq.org/exceptions/no_such_element.html
Build info: version: '2.53.0', revision: '35ae25b1534ae328c771e0856c93e187490ca824', time: '2016-03-15 10:43:46'
System info: host: 'mleizhang-PC', ip: '192.168.15.246', os.name: 'Windows 7', os.arch: 'amd64', os.version: '6.1', java.version: '1.8.0_131'
Driver info: com.moji.appium.base.AndroidDriverBase
Capabilities [{appPackage=com.moji.mjweather, noReset=true, deviceName=MSM8926, platform=LINUX, deviceUDID=MSM8926, desired={appPackage=com.moji.mjweather, appActivity=LauncherActivity, app=e:\apps\moji.apk, noReset=true, noSign=true, newCommandTimeout=600, unicodeKeyboard=true, udid=MSM8926, platformName=Android, deviceName=MSM8926, resetKeyboard=true}, newCommandTimeout=600, platformVersion=4.3, webStorageEnabled=false, takesScreenshot=true, javascriptEnabled=true, unicodeKeyboard=true, udid=MSM8926, platformName=Android, deviceManufacturer=ZTE, resetKeyboard=true, app=e:\apps\moji.apk, deviceScreenSize=720x1280, networkConnectionEnabled=true, noSign=true, warnings={}, databaseEnabled=false, appActivity=LauncherActivity, locationContextEnabled=false, deviceModel=N9180}]
Session ID: 88ef9208-6c6a-427c-b44a-c9ceb03df9d3
*** Element info: {Using=id, value=Settings}
	at org.openqa.selenium.remote.ErrorHandler.createThrowable(ErrorHandler.java:206)
	at org.openqa.selenium.remote.ErrorHandler.throwIfResponseFailed(ErrorHandler.java:158)
	at org.openqa.selenium.remote.RemoteWebDriver.execute(RemoteWebDriver.java:678)
	at io.appium.java_client.DefaultGenericMobileDriver.execute(DefaultGenericMobileDriver.java:43)
	at io.appium.java_client.AppiumDriver.execute(AppiumDriver.java:1)
	at io.appium.java_client.android.AndroidDriver.execute(AndroidDriver.java:1)
	at org.openqa.selenium.remote.RemoteWebDriver.findElement(RemoteWebDriver.java:363)
	at org.openqa.selenium.remote.RemoteWebDriver.findElementById(RemoteWebDriver.java:413)
	at io.appium.java_client.DefaultGenericMobileDriver.findElementById(DefaultGenericMobileDriver.java:59)
	at io.appium.java_client.AppiumDriver.findElementById(AppiumDriver.java:1)
	at io.appium.java_client.android.AndroidDriver.findElementById(AndroidDriver.java:1)
	at com.moji.appium.testcases.testmoji2.testSettings(testmoji2.java:34)
	at java.util.concurrent.FutureTask.run(FutureTask.java:266)
	at java.util.concurrent.ThreadPoolExecutor.runWorker(ThreadPoolExecutor.java:1142)
	at java.util.concurrent.ThreadPoolExecutor$Worker.run(ThreadPoolExecutor.java:617)
	at java.lang.Thread.run(Thread.java:748)
... Removed 20 stack frames]]>
    </failure>
  </testcase> <!-- testSettings -->
</testsuite> <!-- MSM8926 -->
